{"/Users/alaa/alaa/studying/reactjs/hello-jest/api-requests.js": {"path":"/Users/alaa/alaa/studying/reactjs/hello-jest/api-requests.js","statementMap":{"0":{"start":{"line":1,"column":14},"end":{"line":1,"column":35}},"1":{"start":{"line":3,"column":25},"end":{"line":10,"column":1}},"2":{"start":{"line":4,"column":2},"end":{"line":9,"column":8}},"3":{"start":{"line":5,"column":17},"end":{"line":5,"column":27}},"4":{"start":{"line":6,"column":18},"end":{"line":9,"column":5}},"5":{"start":{"line":12,"column":18},"end":{"line":19,"column":1}},"6":{"start":{"line":13,"column":19},"end":{"line":13,"column":61}},"7":{"start":{"line":14,"column":23},"end":{"line":14,"column":44}},"8":{"start":{"line":15,"column":2},"end":{"line":18,"column":4}},"9":{"start":{"line":21,"column":0},"end":{"line":21,"column":24}},"10":{"start":{"line":22,"column":0},"end":{"line":22,"column":17}},"11":{"start":{"line":24,"column":0},"end":{"line":24,"column":49}}},"fnMap":{"0":{"name":"(anonymous_0)","decl":{"start":{"line":3,"column":25},"end":{"line":3,"column":26}},"loc":{"start":{"line":3,"column":34},"end":{"line":10,"column":1}},"line":3},"1":{"name":"(anonymous_1)","decl":{"start":{"line":5,"column":10},"end":{"line":5,"column":11}},"loc":{"start":{"line":5,"column":17},"end":{"line":5,"column":27}},"line":5},"2":{"name":"(anonymous_2)","decl":{"start":{"line":6,"column":10},"end":{"line":6,"column":11}},"loc":{"start":{"line":6,"column":18},"end":{"line":9,"column":5}},"line":6},"3":{"name":"(anonymous_3)","decl":{"start":{"line":12,"column":18},"end":{"line":12,"column":19}},"loc":{"start":{"line":12,"column":33},"end":{"line":19,"column":1}},"line":12}},"branchMap":{},"s":{"0":1,"1":1,"2":2,"3":2,"4":2,"5":1,"6":3,"7":3,"8":3,"9":1,"10":1,"11":1},"f":{"0":2,"1":2,"2":2,"3":3},"b":{},"_coverageSchema":"43e27e138ebf9cfc5966b082cf9a028302ed4184","hash":"eb0317c89d949614813975e3a355cac0e3d10bde"}
,"/Users/alaa/alaa/studying/reactjs/hello-jest/goole-search.js": {"path":"/Users/alaa/alaa/studying/reactjs/hello-jest/goole-search.js","statementMap":{"0":{"start":{"line":1,"column":19},"end":{"line":8,"column":1}},"1":{"start":{"line":10,"column":25},"end":{"line":13,"column":1}},"2":{"start":{"line":11,"column":18},"end":{"line":11,"column":69}},"3":{"start":{"line":11,"column":39},"end":{"line":11,"column":68}},"4":{"start":{"line":12,"column":2},"end":{"line":12,"column":60}},"5":{"start":{"line":15,"column":0},"end":{"line":15,"column":36}},"6":{"start":{"line":17,"column":0},"end":{"line":17,"column":34}}},"fnMap":{"0":{"name":"(anonymous_0)","decl":{"start":{"line":10,"column":25},"end":{"line":10,"column":26}},"loc":{"start":{"line":10,"column":46},"end":{"line":13,"column":1}},"line":10},"1":{"name":"(anonymous_1)","decl":{"start":{"line":11,"column":28},"end":{"line":11,"column":29}},"loc":{"start":{"line":11,"column":39},"end":{"line":11,"column":68}},"line":11}},"branchMap":{"0":{"loc":{"start":{"line":12,"column":9},"end":{"line":12,"column":59}},"type":"cond-expr","locations":[{"start":{"line":12,"column":30},"end":{"line":12,"column":49}},{"start":{"line":12,"column":52},"end":{"line":12,"column":59}}],"line":12}},"s":{"0":1,"1":1,"2":13,"3":114,"4":13,"5":1,"6":1},"f":{"0":13,"1":114},"b":{"0":[1,12]},"_coverageSchema":"43e27e138ebf9cfc5966b082cf9a028302ed4184","hash":"f961aa16d4d90c8c10ef92cef27bf0294a1b8dd0"}
}
