TN:
SF:/Users/alaa/alaa/studying/reactjs/hello-jest/api-requests.js
FN:3,(anonymous_0)
FN:5,(anonymous_1)
FN:6,(anonymous_2)
FN:12,(anonymous_3)
FNF:4
FNH:4
FNDA:2,(anonymous_0)
FNDA:2,(anonymous_1)
FNDA:2,(anonymous_2)
FNDA:3,(anonymous_3)
DA:1,1
DA:3,1
DA:4,2
DA:5,2
DA:6,2
DA:12,1
DA:13,3
DA:14,3
DA:15,3
DA:21,1
DA:22,1
DA:24,1
LF:12
LH:12
BRF:0
BRH:0
end_of_record
TN:
SF:/Users/alaa/alaa/studying/reactjs/hello-jest/goole-search.js
FN:10,(anonymous_0)
FN:11,(anonymous_1)
FNF:2
FNH:2
FNDA:13,(anonymous_0)
FNDA:114,(anonymous_1)
DA:1,1
DA:10,1
DA:11,114
DA:12,13
DA:15,1
DA:17,1
LF:6
LH:6
BRDA:12,0,0,1
BRDA:12,0,1,12
BRF:2
BRH:2
end_of_record
